<?xml version="1.0" encoding="UTF-8"?><testsuites time="70.557"><testsuite name="Untitled suite in null" tests="1" failures="1" errors="0" time="0.007" timestamp="2015-01-20T14:44:26.442Z" package="Users/whyang/casperJS/casperjs-4f105a9/tests/run"><testcase name="SyntaxError: Parse error" classname="Users/whyang/casperJS/casperjs-4f105a9/tests/run" time="0.007"><failure type="error">SyntaxError: Parse error</failure></testcase><system-out></system-out></testsuite><testsuite name="EightCasein" tests="19" failures="1" errors="0" time="70.55" timestamp="2015-01-20T14:44:26.443Z" package="TestCase/inLand/testcase08in"><testcase name="首页可以看到机票按钮" classname="TestCase/inLand/testcase08in" time="22.24"></testcase><testcase name="可以看到单程往返按钮" classname="TestCase/inLand/testcase08in" time="7.81"></testcase><testcase name="可以看到出发到达选择" classname="TestCase/inLand/testcase08in" time="0.088"></testcase><testcase name="可以看到查询按钮" classname="TestCase/inLand/testcase08in" time="0.093"></testcase><testcase name="点click单程按钮" classname="TestCase/inLand/testcase08in" time="0.613"></testcase><testcase name="There are depart City Button~ 有出发城市按钮" classname="TestCase/inLand/testcase08in" time="0.632"></testcase><testcase name="城市列表页面元素1" classname="TestCase/inLand/testcase08in" time="5.25"></testcase><testcase name="城市列表页面元素2" classname="TestCase/inLand/testcase08in" time="0.113"></testcase><testcase name="城市列表页面元素3" classname="TestCase/inLand/testcase08in" time="0.107"></testcase><testcase name="城市列表页面元素 CityList 4" classname="TestCase/inLand/testcase08in" time="0.113"></testcase><testcase name="There are Arrive City Button 有到达城市按钮" classname="TestCase/inLand/testcase08in" time="6.514"></testcase><testcase name="城市列表页面元素1" classname="TestCase/inLand/testcase08in" time="5.288"></testcase><testcase name="城市列表页面元素2" classname="TestCase/inLand/testcase08in" time="0.116"></testcase><testcase name="城市列表页面元素3" classname="TestCase/inLand/testcase08in" time="0.112"></testcase><testcase name="城市列表页面元素 CityList 4" classname="TestCase/inLand/testcase08in" time="0.116"></testcase><testcase name="There are no Calender button 有日期选择按钮" classname="TestCase/inLand/testcase08in" time="1.338"></testcase><testcase name="ok, this is calender page，and seleted date: 2015-02-23" classname="TestCase/inLand/testcase08in" time="9.376"></testcase><testcase name="ok, this is calender page ~" classname="TestCase/inLand/testcase08in" time="0.156"></testcase><testcase name="ReferenceError: Can't find variable: Flight_Show" classname="TestCase/inLand/testcase08in" time="10.475"><error type="error">ReferenceError: Can't find variable: Flight_Show
    at /Users/whyang/UIAutoTest/h5uiautonav/inLand/FlightList/flightlist3.js:33
    at _check (/Users/whyang/casperJS/casperjs-4f105a9/modules/casper.js:2034)</error><failure type="uncaughtError">ReferenceError: Can't find variable: Flight_Show</failure></testcase><system-out></system-out></testsuite></testsuites>