<?xml version="1.0" encoding="UTF-8"?><testsuites time="0.035"><testsuite name="Untitled suite in null" tests="1" failures="1" errors="0" time="0.005" timestamp="2015-02-05T09:57:41.099Z" package="Users/whyang/casperJS/casperjs-4f105a9/tests/run"><testcase name="SyntaxError: Parse error" classname="Users/whyang/casperJS/casperjs-4f105a9/tests/run" time="0.005"><failure type="error">SyntaxError: Parse error</failure></testcase><system-out></system-out></testsuite><testsuite name="EightCaseinDouble" tests="1" failures="1" errors="0" time="0.03" timestamp="2015-02-05T09:57:41.100Z" package="TestCase/inLand/testcase08inWF"><testcase name="ReferenceError: Can't find variable: _CaseOption2" classname="TestCase/inLand/testcase08inWF" time="0.03"><error type="error">ReferenceError: Can't find variable: _CaseOption2
    at TestCase/inLand/testcase08inWF.js:40
    at /Users/whyang/casperJS/casperjs-4f105a9/modules/tester.js:1064
    at /Users/whyang/casperJS/casperjs-4f105a9/bin/bootstrap.js:60
    at begin (/Users/whyang/casperJS/casperjs-4f105a9/modules/tester.js:1093)
    at TestCase/inLand/testcase08inWF.js:75</error><failure type="uncaughtError">ReferenceError: Can't find variable: _CaseOption2</failure></testcase><system-out></system-out></testsuite></testsuites>