<?xml version="1.0" encoding="UTF-8"?><testsuites time="127.136"><testsuite name="EightinInterCase" tests="28" failures="1" errors="0" time="127.136" timestamp="2014-10-13T10:26:28.381Z" package="TestCase/inLand/testcase08in_inter"><testcase name="首页可以看到机票按钮" classname="TestCase/inLand/testcase08in_inter" time="21.989"></testcase><testcase name="可以看到单程往返按钮" classname="TestCase/inLand/testcase08in_inter" time="7.081"></testcase><testcase name="可以看到出发到达选择" classname="TestCase/inLand/testcase08in_inter" time="0.098"></testcase><testcase name="可以看到查询按钮" classname="TestCase/inLand/testcase08in_inter" time="0.091"></testcase><testcase name="点click单程按钮" classname="TestCase/inLand/testcase08in_inter" time="0.619"></testcase><testcase name="There are depart City Button~ [ 国际国际 ] 有出发城市按钮" classname="TestCase/inLand/testcase08in_inter" time="0.614"></testcase><testcase name="城市列表页面元素1" classname="TestCase/inLand/testcase08in_inter" time="5.198"></testcase><testcase name="城市列表页面元素2" classname="TestCase/inLand/testcase08in_inter" time="0.097"></testcase><testcase name="城市列表页面元素3" classname="TestCase/inLand/testcase08in_inter" time="0.089"></testcase><testcase name="城市列表页面元素 CityList 4" classname="TestCase/inLand/testcase08in_inter" time="0.093"></testcase><testcase name="There are Arrive City Button [ 国际国际 ] 有到达城市按钮" classname="TestCase/inLand/testcase08in_inter" time="6.463"></testcase><testcase name="城市列表页面元素1" classname="TestCase/inLand/testcase08in_inter" time="5.236"></testcase><testcase name="城市列表页面元素2" classname="TestCase/inLand/testcase08in_inter" time="0.089"></testcase><testcase name="城市列表页面元素3" classname="TestCase/inLand/testcase08in_inter" time="0.084"></testcase><testcase name="城市列表页面元素 CityList 4" classname="TestCase/inLand/testcase08in_inter" time="0.098"></testcase><testcase name="There are no Calender button 有日期选择按钮" classname="TestCase/inLand/testcase08in_inter" time="1.928"></testcase><testcase name="ok, this is calender page，and seleted date: 2014-10-25" classname="TestCase/inLand/testcase08in_inter" time="9.237"></testcase><testcase name="ok, this is calender page ~" classname="TestCase/inLand/testcase08in_inter" time="0.139"></testcase><testcase name="看到了想要的航班 我点" classname="TestCase/inLand/testcase08in_inter" time="13.207"></testcase><testcase name="[国际航班] 航班信息 exist ~" classname="TestCase/inLand/testcase08in_inter" time="2.343"></testcase><testcase name="[国际航班] 登机人 exist ~" classname="TestCase/inLand/testcase08in_inter" time="0.098"></testcase><testcase name="[国际航班] 保险 exist ~" classname="TestCase/inLand/testcase08in_inter" time="0.094"></testcase><testcase name="[国际航班] 报销凭证 exist ~" classname="TestCase/inLand/testcase08in_inter" time="0.093"></testcase><testcase name="[国际航班] 支付 or 下一步 exist ~" classname="TestCase/inLand/testcase08in_inter" time="0.092"></testcase><testcase name="很明显这是QTE" classname="TestCase/inLand/testcase08in_inter" time="15.147"></testcase><testcase name="有同意价格按钮嘛" classname="TestCase/inLand/testcase08in_inter" time="0.001"></testcase><testcase name="Pay Page: 支付金额 exist ~" classname="TestCase/inLand/testcase08in_inter" time="26.797"></testcase><testcase name="TypeError: 'undefined' is not a function (evaluating 'this.capture(this._result_cap_str + _TimeStamp() + &quot;________Pay_error_quit&quot; + &quot;.png&quot;)')" classname="TestCase/inLand/testcase08in_inter" time="10.021"><error type="error">TypeError: 'undefined' is not a function (evaluating 'this.capture(this._result_cap_str + _TimeStamp() + "________Pay_error_quit" + ".png")')
    at _Pay_error_quit (/Users/whyang/CI/teamcity/TeamCity/buildAgent/work/DB/Pay/PayElementsCheck.js:248)
    at /Users/whyang/CI/teamcity/TeamCity/buildAgent/work/DB/Pay/PayElementsCheck.js:212
    at _check (/Users/whyang/casperJS/casperjs-4f105a9/modules/casper.js:2100)</error><failure type="uncaughtError">TypeError: 'undefined' is not a function (evaluating 'this.capture(this._result_cap_str + _TimeStamp() + "________Pay_error_quit" + ".png")')</failure></testcase><system-out></system-out></testsuite></testsuites>