<?xml version="1.0" encoding="UTF-8"?><testsuites time="16.27"><testsuite name="SixCase" tests="1" failures="1" errors="0" time="16.27" timestamp="2014-09-22T10:12:59.135Z" package="TestCase/inLand/testcase06"><testcase name="TypeError: 'undefined' is not a function (evaluating 'test.start')" classname="TestCase/inLand/testcase06" time="16.27"><error type="error">TypeError: 'undefined' is not a function (evaluating 'test.start')
    at TestCase/inLand/testcase06.js:93
    at /Users/whyang/casperJS/casperjs-4f105a9/modules/tester.js:1064
    at /Users/whyang/casperJS/casperjs-4f105a9/bin/bootstrap.js:60
    at begin (/Users/whyang/casperJS/casperjs-4f105a9/modules/tester.js:1093)
    at TestCase/inLand/testcase06.js:122</error><failure type="uncaughtError">TypeError: 'undefined' is not a function (evaluating 'test.start')</failure></testcase><system-out></system-out></testsuite></testsuites>