<?xml version="1.0" encoding="UTF-8"?><testsuites time="73.71"><testsuite name="FourCase" tests="14" failures="2" errors="0" time="73.71" timestamp="2014-09-11T07:35:22.860Z" package="TestCase/inLand/testcase04"><testcase name="
点click单程按钮" classname="TestCase/inLand/testcase04" time="20.769"></testcase><testcase name="There are depart City Button~" classname="TestCase/inLand/testcase04" time="0.603"></testcase><testcase name="There are City List" classname="TestCase/inLand/testcase04" time="0.947"></testcase><testcase name="There are Arrive City Button" classname="TestCase/inLand/testcase04" time="6.005"></testcase><testcase name="There are City List" classname="TestCase/inLand/testcase04" time="0.231"></testcase><testcase name="There are no Calender button" classname="TestCase/inLand/testcase04" time="0.859"></testcase><testcase name="
ok, this is calender page，and seleted date: 2014-10-09" classname="TestCase/inLand/testcase04" time="3.248"></testcase><testcase name="
ok, this is calender page ~
" classname="TestCase/inLand/testcase04" time="0.192"></testcase><testcase name="One button exist ~" classname="TestCase/inLand/testcase04" time="20.677"></testcase><testcase name="Two button exist ~" classname="TestCase/inLand/testcase04" time="0.097"></testcase><testcase name="Three button exist ~" classname="TestCase/inLand/testcase04" time="0.088"></testcase><testcase name="Four button exist ~" classname="TestCase/inLand/testcase04" time="0.089"></testcase><testcase name="Cannot dispatch mousedown event on nonexistent selector: #creditcardpay" classname="TestCase/inLand/testcase04" time="9.901"><error type="object">CasperError: Cannot dispatch mousedown event on nonexistent selector: #creditcardpay
    at mouseEvent (/Users/whyang/casperJS/casperjs-4f105a9/modules/casper.js:1355)
    at click (/Users/whyang/casperJS/casperjs-4f105a9/modules/casper.js:462)
    at CreditPay (/Users/whyang/CI/teamcity/TeamCity/buildAgent/work/db01116bd36a248a/Pay/PayActions.js:12)
    at _out_Pay_with_Money3 (/Users/whyang/CI/teamcity/TeamCity/buildAgent/work/db01116bd36a248a/Pay/Pay_Logout/out_pay_action.js:128)
    at TestCase/inLand/testcase04.js:61
    at runStep (/Users/whyang/casperJS/casperjs-4f105a9/modules/casper.js:1553)
    at checkStep (/Users/whyang/casperJS/casperjs-4f105a9/modules/casper.js:399)</error><failure type="uncaughtError">Cannot dispatch mousedown event on nonexistent selector: #creditcardpay</failure></testcase><testcase name="TypeError: 'undefined' is not a function (evaluating 'this.capture(_result_cap_str + _TimeStamp() + &quot;________________Pay_error_quit&quot; + &quot;.png&quot;)')" classname="TestCase/inLand/testcase04" time="10.004"><error type="error">TypeError: 'undefined' is not a function (evaluating 'this.capture(_result_cap_str + _TimeStamp() + "________________Pay_error_quit" + ".png")')
    at _Pay_error_quit (/Users/whyang/CI/teamcity/TeamCity/buildAgent/work/db01116bd36a248a/Pay/PayElementsCheck.js:110)
    at /Users/whyang/CI/teamcity/TeamCity/buildAgent/work/db01116bd36a248a/Pay/PayElementsCheck.js:11
    at _check (/Users/whyang/casperJS/casperjs-4f105a9/modules/casper.js:2100)</error><failure type="uncaughtError">TypeError: 'undefined' is not a function (evaluating 'this.capture(_result_cap_str + _TimeStamp() + "________________Pay_error_quit" + ".png")')</failure></testcase><system-out></system-out></testsuite></testsuites>