<?xml version="1.0" encoding="UTF-8"?><testsuites time="85.146"><testsuite name="FourDoubleCase" tests="17" failures="2" errors="0" time="85.146" timestamp="2014-09-11T08:52:34.324Z" package="TestCase/inLand/testcaseDouble04"><testcase name="
点click往返按钮" classname="TestCase/inLand/testcaseDouble04" time="19.441"></testcase><testcase name="There are depart City Button~" classname="TestCase/inLand/testcaseDouble04" time="0.611"></testcase><testcase name="There are City List" classname="TestCase/inLand/testcaseDouble04" time="0.441"></testcase><testcase name="There are Arrive City Button" classname="TestCase/inLand/testcaseDouble04" time="5.866"></testcase><testcase name="There are City List" classname="TestCase/inLand/testcaseDouble04" time="0.237"></testcase><testcase name="There are no Calender button" classname="TestCase/inLand/testcaseDouble04" time="0.848"></testcase><testcase name="
ok, this is calender page，and seleted date: 2014-10-17" classname="TestCase/inLand/testcaseDouble04" time="3.507"></testcase><testcase name="
ok, this is calender page ~
" classname="TestCase/inLand/testcaseDouble04" time="0.157"></testcase><testcase name="There are no Calender button" classname="TestCase/inLand/testcaseDouble04" time="0.596"></testcase><testcase name="
ok, this is calender page，and seleted Back date: 2014-10-23" classname="TestCase/inLand/testcaseDouble04" time="3.367"></testcase><testcase name="
ok, this is Back calender page ~
" classname="TestCase/inLand/testcaseDouble04" time="0.15"></testcase><testcase name="One button exist ~" classname="TestCase/inLand/testcaseDouble04" time="29.902"></testcase><testcase name="Two button exist ~" classname="TestCase/inLand/testcaseDouble04" time="0.093"></testcase><testcase name="Three button exist ~" classname="TestCase/inLand/testcaseDouble04" time="0.085"></testcase><testcase name="Four button exist ~" classname="TestCase/inLand/testcaseDouble04" time="0.088"></testcase><testcase name="Cannot dispatch mousedown event on nonexistent selector: #creditcardpay" classname="TestCase/inLand/testcaseDouble04" time="9.751"><error type="object">CasperError: Cannot dispatch mousedown event on nonexistent selector: #creditcardpay
    at mouseEvent (/Users/whyang/casperJS/casperjs-4f105a9/modules/casper.js:1355)
    at click (/Users/whyang/casperJS/casperjs-4f105a9/modules/casper.js:462)
    at CreditPay (/Users/whyang/CI/teamcity/TeamCity/buildAgent/work/db01116bd36a248a/Pay/PayActions.js:12)
    at _out_Pay_with_Money3 (/Users/whyang/CI/teamcity/TeamCity/buildAgent/work/db01116bd36a248a/Pay/Pay_Logout/out_pay_action.js:128)
    at TestCase/inLand/testcaseDouble04.js:61
    at runStep (/Users/whyang/casperJS/casperjs-4f105a9/modules/casper.js:1553)
    at checkStep (/Users/whyang/casperJS/casperjs-4f105a9/modules/casper.js:399)</error><failure type="uncaughtError">Cannot dispatch mousedown event on nonexistent selector: #creditcardpay</failure></testcase><testcase name="TypeError: 'undefined' is not a function (evaluating 'this.capture(_result_cap_str + _TimeStamp() + &quot;________________Pay_error_quit&quot; + &quot;.png&quot;)')" classname="TestCase/inLand/testcaseDouble04" time="10.006"><error type="error">TypeError: 'undefined' is not a function (evaluating 'this.capture(_result_cap_str + _TimeStamp() + "________________Pay_error_quit" + ".png")')
    at _Pay_error_quit (/Users/whyang/CI/teamcity/TeamCity/buildAgent/work/db01116bd36a248a/Pay/PayElementsCheck.js:110)
    at /Users/whyang/CI/teamcity/TeamCity/buildAgent/work/db01116bd36a248a/Pay/PayElementsCheck.js:11
    at _check (/Users/whyang/casperJS/casperjs-4f105a9/modules/casper.js:2100)</error><failure type="uncaughtError">TypeError: 'undefined' is not a function (evaluating 'this.capture(_result_cap_str + _TimeStamp() + "________________Pay_error_quit" + ".png")')</failure></testcase><system-out></system-out></testsuite></testsuites>